14*13*1.0*13.*/mnt/datadisk0/jingzhudata/dms_det/DMS_0614/ID0413/01_dangerous-behavior_call_noglasses_29.jpg
10*8*1.2*8.9*/mnt/datadisk0/jingzhudata/dms_det/DMS_0614/ID0413/01_dangerous-behavior_call_noglasses_29.jpg
41*42*0.9*41.*/mnt/datadisk0/jingzhudata/dms_det/DMS_0614/ID0424/01_dangerous-behavior_drinking_glasses_31.jpg
12*82*0.1*31.*/mnt/datadisk0/jingzhudata/dms_det/DMS_0614/ID0424/01_dangerous-behavior_call_noglasses_13.jpg
22*36*0.6*28.*/mnt/datadisk0/jingzhudata/dms_det/DMS_0614/ID0424/02_dangerous-behavior_call_noglasses_15.jpg
12*15*0.8*13.*/mnt/datadisk0/jingzhudata/dms_det/DMS_0614/ID0413/01_dangerous-behavior_call_noglasses_3.jpg
14*16*0.8*14.*/mnt/datadisk0/jingzhudata/dms_det/DMS_0614/ID0413/01_dangerous-behavior_call_noglasses_9.jpg
11*8*1.3*9.3*/mnt/datadisk0/jingzhudata/dms_det/DMS_0614/ID0413/01_dangerous-behavior_smoking_noglasses_2.jpg
14*8*1.7*10.*/mnt/datadisk0/jingzhudata/dms_det/DMS_0614/ID0424/03_dangerous-behavior_drinking_glasses_22.jpg
17*6*2.8*10.*/mnt/datadisk0/jingzhudata/dms_det/DMS_0614/ID0424/03_dangerous-behavior_drinking_glasses_5.jpg
19*34*0.5*25.*/mnt/datadisk0/jingzhudata/dms_det/DMS_0614/ID0413/03_dangerous-behavior_call_glasses_11.jpg
13*15*0.8*13.*/mnt/datadisk0/jingzhudata/dms_det/DMS_0614/ID0413/01_dangerous-behavior_call_noglasses_31.jpg
17*12*1.4*14.*/mnt/datadisk0/jingzhudata/dms_det/DMS_0614/ID0413/01_dangerous-behavior_smoking_noglasses_16.jpg
12*14*0.8*12.*/mnt/datadisk0/jingzhudata/dms_det/DMS_0614/ID0413/01_dangerous-behavior_call_noglasses_33.jpg
23*62*0.3*37.*/mnt/datadisk0/jingzhudata/dms_det/DMS_0614/ID0479/01_dangerous-behavior_call_glasses_17.jpg
16*12*1.3*13.*/mnt/datadisk0/jingzhudata/dms_det/DMS_0614/ID0413/01_dangerous-behavior_smoking_noglasses_8.jpg
41*12*3.4*22.*/mnt/datadisk0/jingzhudata/dms_det/DMS_0614/ID0413/02_dangerous-behavior_call_noglasses_94.jpg
41*16*2.5*25.*/mnt/datadisk0/jingzhudata/dms_det/DMS_0614/ID0413/02_dangerous-behavior_smoking_noglasses_80.jpg
13*14*0.9*13.*/mnt/datadisk0/jingzhudata/dms_det/DMS_0614/ID0413/01_dangerous-behavior_call_noglasses_37.jpg
34*31*1.0*32.*/mnt/datadisk0/jingzhudata/dms_det/DMS_0614/ID0413/02_dangerous-behavior_call_noglasses_23.jpg
42*14*3.0*24.*/mnt/datadisk0/jingzhudata/dms_det/DMS_0614/ID0413/01_dangerous-behavior_call_noglasses_39.jpg
26*24*1.0*24.*/mnt/datadisk0/jingzhudata/dms_det/DMS_0614/ID0413/02_dangerous-behavior_call_glasses_34.jpg
14*13*1.0*13.*/mnt/datadisk0/jingzhudata/dms_det/DMS_0614/ID0413/01_dangerous-behavior_drinking_glasses_16.jpg
16*18*0.8*16.*/mnt/datadisk0/jingzhudata/dms_det/DMS_0614/ID0413/01_dangerous-behavior_smoking_noglasses_12.jpg
18*14*1.2*15.*/mnt/datadisk0/jingzhudata/dms_det/DMS_0614/ID0413/01_dangerous-behavior_smoking_noglasses_12.jpg
29*40*0.7*34.*/mnt/datadisk0/jingzhudata/dms_det/DMS_0614/ID0413/02_dangerous-behavior_call_glasses_20.jpg
12*14*0.8*12.*/mnt/datadisk0/jingzhudata/dms_det/DMS_0614/ID0413/01_dangerous-behavior_call_noglasses_26.jpg
16*9*1.7*12.*/mnt/datadisk0/jingzhudata/dms_det/DMS_0614/ID0413/01_dangerous-behavior_smoking_glasses_18.jpg
4*40*0.1*12.*/mnt/datadisk0/jingzhudata/dms_det/DMS_0614/ID0413/02_dangerous-behavior_call_noglasses_69.jpg
12*13*0.9*12.*/mnt/datadisk0/jingzhudata/dms_det/DMS_0614/ID0413/01_dangerous-behavior_call_noglasses_40.jpg
9*12*0.7*10.*/mnt/datadisk0/jingzhudata/dms_det/DMS_0614/ID0413/01_dangerous-behavior_call_noglasses_40.jpg
8*28*0.2*14.*/mnt/datadisk0/jingzhudata/dms_det/DMS_0614/ID0413/03_dangerous-behavior_call_glasses_15.jpg
18*12*1.5*14.*/mnt/datadisk0/jingzhudata/dms_det/DMS_0614/ID0413/01_dangerous-behavior_drinking_glasses_54.jpg
16*17*0.9*16.*/mnt/datadisk0/jingzhudata/dms_det/DMS_0614/ID0413/01_dangerous-behavior_smoking_noglasses_14.jpg
18*14*1.2*15.*/mnt/datadisk0/jingzhudata/dms_det/DMS_0614/ID0413/01_dangerous-behavior_smoking_noglasses_14.jpg
12*12*1.0*12.*/mnt/datadisk0/jingzhudata/dms_det/DMS_0614/ID0413/01_dangerous-behavior_drinking_glasses_24.jpg
12*9*1.3*10.*/mnt/datadisk0/jingzhudata/dms_det/DMS_0614/ID0413/01_dangerous-behavior_drinking_glasses_24.jpg
15*8*1.8*10.*/mnt/datadisk0/jingzhudata/dms_det/DMS_0614/ID0413/01_dangerous-behavior_smoking_noglasses_20.jpg
16*13*1.2*14.*/mnt/datadisk0/jingzhudata/dms_det/DMS_0614/ID0413/01_dangerous-behavior_smoking_noglasses_13.jpg
58*16*3.6*30.*/mnt/datadisk0/jingzhudata/dms_det/DMS_0614/ID0413/01_dangerous-behavior_smoking_noglasses_13.jpg
32*27*1.1*29.*/mnt/datadisk0/jingzhudata/dms_det/DMS_0614/ID0413/02_dangerous-behavior_call_glasses_6.jpg
19*13*1.4*15.*/mnt/datadisk0/jingzhudata/dms_det/DMS_0614/ID0413/01_dangerous-behavior_drinking_glasses_42.jpg
8*45*0.1*18.*/mnt/datadisk0/jingzhudata/dms_det/DMS_0614/ID0413/03_dangerous-behavior_call_glasses_39.jpg
13*15*0.8*13.*/mnt/datadisk0/jingzhudata/dms_det/DMS_0614/ID0413/01_dangerous-behavior_call_noglasses_4.jpg
18*12*1.5*14.*/mnt/datadisk0/jingzhudata/dms_det/DMS_0614/ID0413/01_dangerous-behavior_drinking_glasses_52.jpg
12*12*1.0*12.*/mnt/datadisk0/jingzhudata/dms_det/DMS_0614/ID0413/01_dangerous-behavior_call_noglasses_16.jpg
27*40*0.6*32.*/mnt/datadisk0/jingzhudata/dms_det/DMS_0614/ID0413/02_dangerous-behavior_call_glasses_53.jpg
7*64*0.1*21.*/mnt/datadisk0/jingzhudata/dms_det/DMS_0614/ID0413/01_dangerous-behavior_call_noglasses_15.jpg
9*12*0.7*10.*/mnt/datadisk0/jingzhudata/dms_det/DMS_0614/ID0413/01_dangerous-behavior_call_noglasses_27.jpg
8*12*0.6*9.7*/mnt/datadisk0/jingzhudata/dms_det/DMS_0614/ID0413/01_dangerous-behavior_call_noglasses_27.jpg
8*32*0.2*16.*/mnt/datadisk0/jingzhudata/dms_det/DMS_0614/ID0413/02_dangerous-behavior_call_noglasses_31.jpg
10*15*0.6*12.*/mnt/datadisk0/jingzhudata/dms_det/DMS_0614/ID0413/02_dangerous-behavior_call_glasses_19.jpg
38*38*1.0*38.*/mnt/datadisk0/jingzhudata/dms_det/DMS_0614/ID0413/02_dangerous-behavior_drinking_glasses_64.jpg
10*58*0.1*24.*/mnt/datadisk0/jingzhudata/dms_det/DMS_0614/ID0413/03_dangerous-behavior_call_noglasses_45.jpg
22*45*0.4*31.*/mnt/datadisk0/jingzhudata/dms_det/DMS_0614/ID0413/02_dangerous-behavior_drinking_glasses_34.jpg
8*43*0.1*18.*/mnt/datadisk0/jingzhudata/dms_det/DMS_0614/ID0413/02_dangerous-behavior_call_noglasses_73.jpg
8*42*0.1*18.*/mnt/datadisk0/jingzhudata/dms_det/DMS_0614/ID0413/02_dangerous-behavior_call_glasses_40.jpg
14*11*1.2*12.*/mnt/datadisk0/jingzhudata/dms_det/DMS_0614/ID0413/01_dangerous-behavior_call_glasses_2.jpg
10*12*0.8*10.*/mnt/datadisk0/jingzhudata/dms_det/DMS_0614/ID0479/01_dangerous-behavior_smoking_glasses_14.jpg
11*12*0.9*11.*/mnt/datadisk0/jingzhudata/dms_det/DMS_0614/ID0479/01_dangerous-behavior_smoking_glasses_14.jpg
20*28*0.7*23.*/mnt/datadisk0/jingzhudata/dms_det/DMS_0614/ID0413/02_dangerous-behavior_call_noglasses_80.jpg
12*8*1.5*9.7*/mnt/datadisk0/jingzhudata/dms_det/DMS_0614/ID0413/01_dangerous-behavior_smoking_noglasses_7.jpg
38*17*2.2*25.*/mnt/datadisk0/jingzhudata/dms_det/DMS_0614/ID0413/02_dangerous-behavior_call_glasses_12.jpg
14*67*0.2*30.*/mnt/datadisk0/jingzhudata/dms_det/DMS_0614/ID0479/01_dangerous-behavior_call_glasses_16.jpg
20*10*2.0*14.*/mnt/datadisk0/jingzhudata/dms_det/DMS_0614/ID0479/01_dangerous-behavior_smoking_noglasses_9.jpg
11*3*3.6*5.7*/mnt/datadisk0/jingzhudata/dms_det/DMS_0614/ID0413/01_dangerous-behavior_call_glasses_9.jpg
18*13*1.3*15.*/mnt/datadisk0/jingzhudata/dms_det/DMS_0614/ID0413/01_dangerous-behavior_drinking_glasses_46.jpg
5*43*0.1*14.*/mnt/datadisk0/jingzhudata/dms_det/DMS_0614/ID0413/02_dangerous-behavior_call_noglasses_71.jpg
14*15*0.9*14.*/mnt/datadisk0/jingzhudata/dms_det/DMS_0614/ID0413/01_dangerous-behavior_call_noglasses_6.jpg
55*34*1.6*43.*/mnt/datadisk0/jingzhudata/dms_det/DMS_0614/ID0413/01_dangerous-behavior_call_noglasses_20.jpg
12*14*0.8*12.*/mnt/datadisk0/jingzhudata/dms_det/DMS_0614/ID0413/01_dangerous-behavior_call_noglasses_20.jpg
9*7*1.2*7.9*/mnt/datadisk0/jingzhudata/dms_det/DMS_0614/ID0413/01_dangerous-behavior_call_noglasses_20.jpg
7*12*0.5*9.1*/mnt/datadisk0/jingzhudata/dms_det/DMS_0614/ID0479/02_dangerous-behavior_call_noglasses_2.jpg
16*13*1.2*14.*/mnt/datadisk0/jingzhudata/dms_det/DMS_0614/ID0413/01_dangerous-behavior_drinking_glasses_49.jpg
47*23*2.0*32.*/mnt/datadisk0/jingzhudata/dms_det/DMS_0614/ID0413/02_dangerous-behavior_call_noglasses_90.jpg
15*70*0.2*32.*/mnt/datadisk0/jingzhudata/dms_det/DMS_0614/ID0479/01_dangerous-behavior_call_glasses_20.jpg
8*12*0.6*9.7*/mnt/datadisk0/jingzhudata/dms_det/DMS_0614/ID0479/01_dangerous-behavior_smoking_glasses_11.jpg
12*14*0.8*12.*/mnt/datadisk0/jingzhudata/dms_det/DMS_0614/ID0413/01_dangerous-behavior_drinking_glasses_23.jpg
13*9*1.4*10.*/mnt/datadisk0/jingzhudata/dms_det/DMS_0614/ID0413/01_dangerous-behavior_smoking_glasses_17.jpg
14*16*0.8*14.*/mnt/datadisk0/jingzhudata/dms_det/DMS_0614/ID0413/01_dangerous-behavior_call_noglasses_34.jpg
54*45*1.2*49.*/mnt/datadisk0/jingzhudata/dms_det/DMS_0614/ID0413/01_dangerous-behavior_call_glasses_38.jpg
14*11*1.2*12.*/mnt/datadisk0/jingzhudata/dms_det/DMS_0614/ID0413/01_dangerous-behavior_call_glasses_29.jpg
16*15*1.0*15.*/mnt/datadisk0/jingzhudata/dms_det/DMS_0614/ID0413/01_dangerous-behavior_smoking_glasses_2.jpg
8*55*0.1*20.*/mnt/datadisk0/jingzhudata/dms_det/DMS_0614/ID0413/03_dangerous-behavior_call_noglasses_44.jpg
10*8*1.2*8.9*/mnt/datadisk0/jingzhudata/dms_det/DMS_0614/ID0413/01_dangerous-behavior_call_noglasses_13.jpg
12*16*0.7*13.*/mnt/datadisk0/jingzhudata/dms_det/DMS_0614/ID0413/01_dangerous-behavior_call_noglasses_13.jpg
10*10*1.0*10.*/mnt/datadisk0/jingzhudata/dms_det/DMS_0614/ID0413/01_dangerous-behavior_call_noglasses_19.jpg
10*12*0.8*10.*/mnt/datadisk0/jingzhudata/dms_det/DMS_0614/ID0413/01_dangerous-behavior_call_noglasses_19.jpg
14*12*1.1*12.*/mnt/datadisk0/jingzhudata/dms_det/DMS_0614/ID0413/01_dangerous-behavior_call_noglasses_30.jpg
14*12*1.1*12.*/mnt/datadisk0/jingzhudata/dms_det/DMS_0614/ID0413/01_dangerous-behavior_call_noglasses_18.jpg
15*16*0.9*15.*/mnt/datadisk0/jingzhudata/dms_det/DMS_0614/ID0413/02_dangerous-behavior_smoking_glasses_46.jpg
12*8*1.5*9.7*/mnt/datadisk0/jingzhudata/dms_det/DMS_0614/ID0413/01_dangerous-behavior_drinking_glasses_8.jpg
12*9*1.3*10.*/mnt/datadisk0/jingzhudata/dms_det/DMS_0614/ID0413/01_dangerous-behavior_drinking_glasses_15.jpg
10*11*0.9*10.*/mnt/datadisk0/jingzhudata/dms_det/DMS_0614/ID0413/01_dangerous-behavior_drinking_glasses_15.jpg
19*13*1.4*15.*/mnt/datadisk0/jingzhudata/dms_det/DMS_0614/ID0413/01_dangerous-behavior_drinking_glasses_50.jpg
20*13*1.5*16.*/mnt/datadisk0/jingzhudata/dms_det/DMS_0614/ID0413/01_dangerous-behavior_drinking_glasses_29.jpg
10*8*1.2*8.9*/mnt/datadisk0/jingzhudata/dms_det/DMS_0614/ID0413/01_dangerous-behavior_drinking_glasses_29.jpg
23*14*1.6*17.*/mnt/datadisk0/jingzhudata/dms_det/DMS_0614/ID0413/01_dangerous-behavior_drinking_glasses_51.jpg
34*35*0.9*34.*/mnt/datadisk0/jingzhudata/dms_det/DMS_0614/ID0413/02_dangerous-behavior_call_noglasses_22.jpg
34*15*2.2*22.*/mnt/datadisk0/jingzhudata/dms_det/DMS_0614/ID0413/03_dangerous-behavior_drinking_glasses_48.jpg
19*14*1.3*16.*/mnt/datadisk0/jingzhudata/dms_det/DMS_0614/ID0413/01_dangerous-behavior_smoking_glasses_3.jpg
54*59*0.9*56.*/mnt/datadisk0/jingzhudata/dms_det/DMS_0614/ID0413/01_dangerous-behavior_smoking_glasses_3.jpg
18*10*1.8*13.*/mnt/datadisk0/jingzhudata/dms_det/DMS_0614/ID0413/01_dangerous-behavior_call_glasses_6.jpg
5*21*0.2*10.*/mnt/datadisk0/jingzhudata/dms_det/DMS_0614/ID0413/02_dangerous-behavior_call_glasses_23.jpg
17*20*0.8*18.*/mnt/datadisk0/jingzhudata/dms_det/DMS_0614/ID0413/01_dangerous-behavior_smoking_glasses_12.jpg
14*14*1.0*14.*/mnt/datadisk0/jingzhudata/dms_det/DMS_0614/ID0413/01_dangerous-behavior_smoking_noglasses_9.jpg
30*38*0.7*33.*/mnt/datadisk0/jingzhudata/dms_det/DMS_0614/ID0413/02_dangerous-behavior_call_glasses_35.jpg
21*13*1.6*16.*/mnt/datadisk0/jingzhudata/dms_det/DMS_0614/ID0413/01_dangerous-behavior_drinking_glasses_47.jpg
22*12*1.8*16.*/mnt/datadisk0/jingzhudata/dms_det/DMS_0614/ID0413/01_dangerous-behavior_call_glasses_5.jpg
10*9*1.1*9.4*/mnt/datadisk0/jingzhudata/dms_det/DMS_0614/ID0413/01_dangerous-behavior_call_glasses_5.jpg
10*10*1.0*10.*/mnt/datadisk0/jingzhudata/dms_det/DMS_0614/ID0413/01_dangerous-behavior_smoking_glasses_6.jpg
11*11*1.0*11.*/mnt/datadisk0/jingzhudata/dms_det/DMS_0614/ID0413/01_dangerous-behavior_call_noglasses_12.jpg
18*14*1.2*15.*/mnt/datadisk0/jingzhudata/dms_det/DMS_0614/ID0413/01_dangerous-behavior_drinking_glasses_9.jpg
38*39*0.9*38.*/mnt/datadisk0/jingzhudata/dms_det/DMS_0614/ID0413/03_dangerous-behavior_call_glasses_28.jpg
15*8*1.8*10.*/mnt/datadisk0/jingzhudata/dms_det/DMS_0614/ID0413/01_dangerous-behavior_smoking_noglasses_10.jpg
18*12*1.5*14.*/mnt/datadisk0/jingzhudata/dms_det/DMS_0614/ID0413/01_dangerous-behavior_drinking_glasses_40.jpg
13*8*1.6*10.*/mnt/datadisk0/jingzhudata/dms_det/DMS_0614/ID0413/01_dangerous-behavior_drinking_glasses_2.jpg
37*24*1.5*29.*/mnt/datadisk0/jingzhudata/dms_det/DMS_0614/ID0413/02_dangerous-behavior_call_noglasses_17.jpg
12*12*1.0*12.*/mnt/datadisk0/jingzhudata/dms_det/DMS_0614/ID0413/01_dangerous-behavior_drinking_glasses_22.jpg
12*8*1.5*9.7*/mnt/datadisk0/jingzhudata/dms_det/DMS_0614/ID0413/01_dangerous-behavior_drinking_glasses_22.jpg
7*14*0.5*9.8*/mnt/datadisk0/jingzhudata/dms_det/DMS_0614/ID0479/02_dangerous-behavior_call_noglasses_3.jpg
4*42*0.0*12.*/mnt/datadisk0/jingzhudata/dms_det/DMS_0614/ID0413/02_dangerous-behavior_call_noglasses_70.jpg
11*12*0.9*11.*/mnt/datadisk0/jingzhudata/dms_det/DMS_0614/ID0413/01_dangerous-behavior_call_noglasses_1.jpg
19*13*1.4*15.*/mnt/datadisk0/jingzhudata/dms_det/DMS_0614/ID0413/01_dangerous-behavior_drinking_glasses_45.jpg
18*7*2.5*11.*/mnt/datadisk0/jingzhudata/dms_det/DMS_0614/ID0413/01_dangerous-behavior_smoking_glasses_7.jpg
7*14*0.5*9.8*/mnt/datadisk0/jingzhudata/dms_det/DMS_0614/ID0413/01_dangerous-behavior_smoking_glasses_7.jpg
10*38*0.2*19.*/mnt/datadisk0/jingzhudata/dms_det/DMS_0614/ID0413/03_dangerous-behavior_call_glasses_40.jpg
18*34*0.5*24.*/mnt/datadisk0/jingzhudata/dms_det/DMS_0614/ID0413/01_dangerous-behavior_call_glasses_8.jpg
24*12*2.0*16.*/mnt/datadisk0/jingzhudata/dms_det/DMS_0614/ID0413/01_dangerous-behavior_call_glasses_7.jpg
10*8*1.2*8.9*/mnt/datadisk0/jingzhudata/dms_det/DMS_0614/ID0413/01_dangerous-behavior_drinking_glasses_19.jpg
10*10*1.0*10.*/mnt/datadisk0/jingzhudata/dms_det/DMS_0614/ID0413/01_dangerous-behavior_drinking_glasses_19.jpg
58*66*0.8*61.*/mnt/datadisk0/jingzhudata/dms_det/DMS_0614/ID0479/03_dangerous-behavior_smoking_glasses_10.jpg
17*56*0.3*30.*/mnt/datadisk0/jingzhudata/dms_det/DMS_0614/ID0413/01_dangerous-behavior_call_glasses_30.jpg
26*27*0.9*26.*/mnt/datadisk0/jingzhudata/dms_det/DMS_0614/ID0424/02_dangerous-behavior_drinking_glasses_34.jpg
29*26*1.1*27.*/mnt/datadisk0/jingzhudata/dms_det/DMS_0614/ID0413/03_dangerous-behavior_drinking_glasses_29.jpg
47*23*2.0*32.*/mnt/datadisk0/jingzhudata/dms_det/DMS_0614/ID0413/01_dangerous-behavior_call_glasses_23.jpg
20*39*0.5*27.*/mnt/datadisk0/jingzhudata/dms_det/DMS_0614/ID0413/02_dangerous-behavior_call_noglasses_78.jpg
15*9*1.6*11.*/mnt/datadisk0/jingzhudata/dms_det/DMS_0614/ID0424/03_dangerous-behavior_drinking_glasses_50.jpg
14*9*1.5*11.*/mnt/datadisk0/jingzhudata/dms_det/DMS_0614/ID0424/03_dangerous-behavior_call_noglasses_6.jpg
14*9*1.5*11.*/mnt/datadisk0/jingzhudata/dms_det/DMS_0614/ID0424/03_dangerous-behavior_call_noglasses_7.jpg
34*37*0.9*35.*/mnt/datadisk0/jingzhudata/dms_det/DMS_0614/ID0424/02_dangerous-behavior_smoking_noglasses_15.jpg
13*8*1.6*10.*/mnt/datadisk0/jingzhudata/dms_det/DMS_0614/ID0424/03_dangerous-behavior_smoking_noglasses_19.jpg
14*8*1.7*10.*/mnt/datadisk0/jingzhudata/dms_det/DMS_0614/ID0424/03_dangerous-behavior_smoking_glasses_15.jpg
16*9*1.7*12.*/mnt/datadisk0/jingzhudata/dms_det/DMS_0614/ID0424/03_dangerous-behavior_smoking_noglasses_12.jpg
14*8*1.7*10.*/mnt/datadisk0/jingzhudata/dms_det/DMS_0614/ID0424/03_dangerous-behavior_smoking_glasses_25.jpg
18*12*1.5*14.*/mnt/datadisk0/jingzhudata/dms_det/DMS_0614/ID0424/03_dangerous-behavior_call_glasses_34.jpg
14*8*1.7*10.*/mnt/datadisk0/jingzhudata/dms_det/DMS_0614/ID0424/03_dangerous-behavior_smoking_glasses_14.jpg
15*8*1.8*10.*/mnt/datadisk0/jingzhudata/dms_det/DMS_0614/ID0424/03_dangerous-behavior_drinking_glasses_55.jpg
15*9*1.6*11.*/mnt/datadisk0/jingzhudata/dms_det/DMS_0614/ID0424/03_dangerous-behavior_call_noglasses_3.jpg
14*8*1.7*10.*/mnt/datadisk0/jingzhudata/dms_det/DMS_0614/ID0424/03_dangerous-behavior_smoking_glasses_16.jpg
15*9*1.6*11.*/mnt/datadisk0/jingzhudata/dms_det/DMS_0614/ID0424/03_dangerous-behavior_call_noglasses_18.jpg
11*7*1.5*8.7*/mnt/datadisk0/jingzhudata/dms_det/DMS_0614/ID0424/02_dangerous-behavior_call_glasses_16.jpg
15*8*1.8*10.*/mnt/datadisk0/jingzhudata/dms_det/DMS_0614/ID0424/03_dangerous-behavior_drinking_glasses_17.jpg
39*31*1.2*34.*/mnt/datadisk0/jingzhudata/dms_det/DMS_0614/ID0424/03_dangerous-behavior_call_noglasses_16.jpg
35*43*0.8*38.*/mnt/datadisk0/jingzhudata/dms_det/DMS_0614/ID0424/02_dangerous-behavior_drinking_glasses_40.jpg
16*9*1.7*12.*/mnt/datadisk0/jingzhudata/dms_det/DMS_0614/ID0424/03_dangerous-behavior_drinking_glasses_53.jpg
17*10*1.7*13.*/mnt/datadisk0/jingzhudata/dms_det/DMS_0614/ID0424/03_dangerous-behavior_drinking_glasses_58.jpg
18*11*1.6*14.*/mnt/datadisk0/jingzhudata/dms_det/DMS_0614/ID0424/03_dangerous-behavior_drinking_glasses_25.jpg
14*8*1.7*10.*/mnt/datadisk0/jingzhudata/dms_det/DMS_0614/ID0424/03_dangerous-behavior_drinking_glasses_18.jpg
18*9*2.0*12.*/mnt/datadisk0/jingzhudata/dms_det/DMS_0614/ID0424/03_dangerous-behavior_drinking_glasses_52.jpg
7*66*0.1*21.*/mnt/datadisk0/jingzhudata/dms_det/DMS_0614/ID0424/01_dangerous-behavior_call_noglasses_19.jpg
8*7*1.1*7.4*/mnt/datadisk0/jingzhudata/dms_det/DMS_0614/ID0424/02_dangerous-behavior_smoking_glasses_5.jpg
16*9*1.7*12.*/mnt/datadisk0/jingzhudata/dms_det/DMS_0614/ID0424/03_dangerous-behavior_drinking_glasses_48.jpg
10*6*1.6*7.7*/mnt/datadisk0/jingzhudata/dms_det/DMS_0614/ID0424/02_dangerous-behavior_drinking_glasses_33.jpg
22*16*1.3*18.*/mnt/datadisk0/jingzhudata/dms_det/DMS_0614/ID0467/01_dangerous-behavior_drinking_glasses_25.jpg
52*52*1.0*52.*/mnt/datadisk0/jingzhudata/dms_det/DMS_0614/ID0467/03_dangerous-behavior_smoking_noglasses_7.jpg
20*17*1.1*18.*/mnt/datadisk0/jingzhudata/dms_det/DMS_0614/ID0467/01_dangerous-behavior_drinking_glasses_26.jpg
34*13*2.6*21.*/mnt/datadisk0/jingzhudata/dms_det/DMS_0614/ID0467/01_dangerous-behavior_smoking_noglasses_4.jpg
16*68*0.2*32.*/mnt/datadisk0/jingzhudata/dms_det/DMS_0614/ID0467/01_dangerous-behavior_call_noglasses_20.jpg
15*16*0.9*15.*/mnt/datadisk0/jingzhudata/dms_det/DMS_0614/ID0467/01_dangerous-behavior_drinking_glasses_16.jpg
9*13*0.6*10.*/mnt/datadisk0/jingzhudata/dms_det/DMS_0614/ID0467/02_dangerous-behavior_call_glasses_3.jpg
16*13*1.2*14.*/mnt/datadisk0/jingzhudata/dms_det/DMS_0614/ID0467/01_dangerous-behavior_drinking_glasses_22.jpg
14*66*0.2*30.*/mnt/datadisk0/jingzhudata/dms_det/DMS_0614/ID0467/01_dangerous-behavior_call_noglasses_21.jpg
10*8*1.2*8.9*/mnt/datadisk0/jingzhudata/dms_det/DMS_0614/ID0467/01_dangerous-behavior_call_noglasses_12.jpg
14*32*0.4*21.*/mnt/datadisk0/jingzhudata/dms_det/DMS_0614/ID0467/02_dangerous-behavior_drinking_glasses_6.jpg
12*17*0.7*14.*/mnt/datadisk0/jingzhudata/dms_det/DMS_0614/ID0467/01_dangerous-behavior_drinking_glasses_19.jpg
40*26*1.5*32.*/mnt/datadisk0/jingzhudata/dms_det/DMS_0614/ID0467/03_dangerous-behavior_drinking_glasses_1.jpg
68*41*1.6*52.*/mnt/datadisk0/jingzhudata/dms_det/DMS_0614/ID0467/01_dangerous-behavior_drinking_glasses_18.jpg
13*15*0.8*13.*/mnt/datadisk0/jingzhudata/dms_det/DMS_0614/ID0467/01_dangerous-behavior_drinking_glasses_17.jpg
36*15*2.4*23.*/mnt/datadisk0/jingzhudata/dms_det/DMS_0614/ID0467/03_dangerous-behavior_call_glasses_13.jpg
14*9*1.5*11.*/mnt/datadisk0/jingzhudata/dms_det/DMS_0614/ID0424/03_dangerous-behavior_call_noglasses_23.jpg
17*9*1.8*12.*/mnt/datadisk0/jingzhudata/dms_det/DMS_0614/ID0424/03_dangerous-behavior_call_noglasses_11.jpg
29*51*0.5*38.*/mnt/datadisk0/jingzhudata/dms_det/DMS_0614/ID0424/02_dangerous-behavior_drinking_glasses_27.jpg
16*8*2.0*11.*/mnt/datadisk0/jingzhudata/dms_det/DMS_0614/ID0424/03_dangerous-behavior_drinking_glasses_20.jpg
7*64*0.1*21.*/mnt/datadisk0/jingzhudata/dms_det/DMS_0614/ID0424/01_dangerous-behavior_call_glasses_29.jpg
14*8*1.7*10.*/mnt/datadisk0/jingzhudata/dms_det/DMS_0614/ID0424/03_dangerous-behavior_smoking_glasses_22.jpg
16*9*1.7*12.*/mnt/datadisk0/jingzhudata/dms_det/DMS_0614/ID0424/03_dangerous-behavior_call_noglasses_20.jpg
14*8*1.7*10.*/mnt/datadisk0/jingzhudata/dms_det/DMS_0614/ID0424/03_dangerous-behavior_smoking_glasses_13.jpg
17*8*2.1*11.*/mnt/datadisk0/jingzhudata/dms_det/DMS_0614/ID0424/03_dangerous-behavior_drinking_glasses_49.jpg
33*50*0.6*40.*/mnt/datadisk0/jingzhudata/dms_det/DMS_0614/ID0424/02_dangerous-behavior_drinking_glasses_28.jpg
15*9*1.6*11.*/mnt/datadisk0/jingzhudata/dms_det/DMS_0614/ID0424/03_dangerous-behavior_call_noglasses_8.jpg
15*8*1.8*10.*/mnt/datadisk0/jingzhudata/dms_det/DMS_0614/ID0424/03_dangerous-behavior_drinking_glasses_6.jpg
53*49*1.0*50.*/mnt/datadisk0/jingzhudata/dms_det/DMS_0614/ID0424/03_dangerous-behavior_drinking_glasses_16.jpg
47*26*1.8*34.*/mnt/datadisk0/jingzhudata/dms_det/DMS_0614/ID0424/02_dangerous-behavior_call_noglasses_13.jpg
14*8*1.7*10.*/mnt/datadisk0/jingzhudata/dms_det/DMS_0614/ID0424/03_dangerous-behavior_drinking_glasses_54.jpg
16*10*1.6*12.*/mnt/datadisk0/jingzhudata/dms_det/DMS_0614/ID0424/03_dangerous-behavior_call_noglasses_10.jpg
14*8*1.7*10.*/mnt/datadisk0/jingzhudata/dms_det/DMS_0614/ID0424/03_dangerous-behavior_smoking_glasses_19.jpg
11*14*0.7*12.*/mnt/datadisk0/jingzhudata/dms_det/DMS_0614/ID0424/01_dangerous-behavior_drinking_glasses_45.jpg
18*11*1.6*14.*/mnt/datadisk0/jingzhudata/dms_det/DMS_0614/ID0424/03_dangerous-behavior_call_glasses_9.jpg
14*10*1.4*11.*/mnt/datadisk0/jingzhudata/dms_det/DMS_0614/ID0424/03_dangerous-behavior_call_noglasses_24.jpg
16*11*1.4*13.*/mnt/datadisk0/jingzhudata/dms_det/DMS_0614/ID0424/03_dangerous-behavior_call_noglasses_14.jpg
15*10*1.5*12.*/mnt/datadisk0/jingzhudata/dms_det/DMS_0614/ID0424/03_dangerous-behavior_call_noglasses_22.jpg
16*10*1.6*12.*/mnt/datadisk0/jingzhudata/dms_det/DMS_0614/ID0424/03_dangerous-behavior_call_noglasses_9.jpg
44*13*3.3*23.*/mnt/datadisk0/jingzhudata/dms_det/DMS_0614/ID0424/01_dangerous-behavior_drinking_glasses_40.jpg
16*9*1.7*12.*/mnt/datadisk0/jingzhudata/dms_det/DMS_0614/ID0424/03_dangerous-behavior_drinking_glasses_36.jpg
17*8*2.1*11.*/mnt/datadisk0/jingzhudata/dms_det/DMS_0614/ID0424/03_dangerous-behavior_drinking_glasses_47.jpg
20*16*1.2*17.*/mnt/datadisk0/jingzhudata/dms_det/DMS_0614/ID0424/02_dangerous-behavior_drinking_glasses_42.jpg
15*7*2.1*10.*/mnt/datadisk0/jingzhudata/dms_det/DMS_0614/ID0424/03_dangerous-behavior_smoking_glasses_27.jpg
16*16*1.0*16.*/mnt/datadisk0/jingzhudata/dms_det/DMS_0614/ID0424/01_dangerous-behavior_call_glasses_21.jpg
28*24*1.1*25.*/mnt/datadisk0/jingzhudata/dms_det/DMS_0614/ID0424/02_dangerous-behavior_drinking_glasses_41.jpg
13*6*2.1*8.8*/mnt/datadisk0/jingzhudata/dms_det/DMS_0614/ID0424/03_dangerous-behavior_smoking_glasses_11.jpg
10*9*1.1*9.4*/mnt/datadisk0/jingzhudata/dms_det/DMS_0614/ID0424/02_dangerous-behavior_call_glasses_14.jpg
10*11*0.9*10.*/mnt/datadisk0/jingzhudata/dms_det/DMS_0614/ID0424/01_dangerous-behavior_drinking_glasses_43.jpg
18*15*1.2*16.*/mnt/datadisk0/jingzhudata/dms_det/DMS_0614/ID0424/01_dangerous-behavior_call_glasses_30.jpg
14*8*1.7*10.*/mnt/datadisk0/jingzhudata/dms_det/DMS_0614/ID0424/03_dangerous-behavior_drinking_glasses_30.jpg
34*40*0.8*36.*/mnt/datadisk0/jingzhudata/dms_det/DMS_0614/ID0424/02_dangerous-behavior_call_noglasses_8.jpg
19*13*1.4*15.*/mnt/datadisk0/jingzhudata/dms_det/DMS_0614/ID0424/03_dangerous-behavior_drinking_glasses_60.jpg
33*53*0.6*41.*/mnt/datadisk0/jingzhudata/dms_det/DMS_0614/ID0424/02_dangerous-behavior_drinking_glasses_29.jpg
17*10*1.7*13.*/mnt/datadisk0/jingzhudata/dms_det/DMS_0614/ID0424/03_dangerous-behavior_call_noglasses_29.jpg
10*8*1.2*8.9*/mnt/datadisk0/jingzhudata/dms_det/DMS_0614/ID0424/02_dangerous-behavior_call_glasses_6.jpg
19*9*2.1*13.*/mnt/datadisk0/jingzhudata/dms_det/DMS_0614/ID0424/03_dangerous-behavior_drinking_glasses_65.jpg
18*10*1.8*13.*/mnt/datadisk0/jingzhudata/dms_det/DMS_0614/ID0424/03_dangerous-behavior_drinking_glasses_56.jpg
7*41*0.1*16.*/mnt/datadisk0/jingzhudata/dms_det/DMS_0614/ID0424/01_dangerous-behavior_call_noglasses_4.jpg
15*9*1.6*11.*/mnt/datadisk0/jingzhudata/dms_det/DMS_0614/ID0424/03_dangerous-behavior_drinking_glasses_13.jpg
5*63*0.0*17.*/mnt/datadisk0/jingzhudata/dms_det/DMS_0614/ID0424/01_dangerous-behavior_call_glasses_32.jpg
29*22*1.3*25.*/mnt/datadisk0/jingzhudata/dms_det/DMS_0614/ID0424/01_dangerous-behavior_drinking_glasses_15.jpg
16*8*2.0*11.*/mnt/datadisk0/jingzhudata/dms_det/DMS_0614/ID0424/03_dangerous-behavior_drinking_glasses_44.jpg
15*14*1.0*14.*/mnt/datadisk0/jingzhudata/dms_det/DMS_0614/ID0413/01_dangerous-behavior_smoking_glasses_1.jpg
5*40*0.1*14.*/mnt/datadisk0/jingzhudata/dms_det/DMS_0614/ID0413/02_dangerous-behavior_call_noglasses_68.jpg
10*36*0.2*18.*/mnt/datadisk0/jingzhudata/dms_det/DMS_0614/ID0413/02_dangerous-behavior_call_glasses_50.jpg
11*10*1.1*10.*/mnt/datadisk0/jingzhudata/dms_det/DMS_0614/ID0413/01_dangerous-behavior_call_noglasses_2.jpg
12*8*1.5*9.7*/mnt/datadisk0/jingzhudata/dms_det/DMS_0614/ID0479/01_dangerous-behavior_smoking_glasses_9.jpg
31*23*1.3*26.*/mnt/datadisk0/jingzhudata/dms_det/DMS_0614/ID0479/02_dangerous-behavior_call_glasses_2.jpg
9*30*0.3*16.*/mnt/datadisk0/jingzhudata/dms_det/DMS_0614/ID0479/03_dangerous-behavior_call_noglasses_3.jpg
13*12*1.0*12.*/mnt/datadisk0/jingzhudata/dms_det/DMS_0614/ID0413/01_dangerous-behavior_call_noglasses_22.jpg
23*52*0.4*34.*/mnt/datadisk0/jingzhudata/dms_det/DMS_0614/ID0413/03_dangerous-behavior_call_noglasses_35.jpg
13*13*1.0*13.*/mnt/datadisk0/jingzhudata/dms_det/DMS_0614/ID0413/01_dangerous-behavior_call_noglasses_17.jpg
8*8*1.0*8.0*/mnt/datadisk0/jingzhudata/dms_det/DMS_0614/ID0413/01_dangerous-behavior_call_noglasses_17.jpg
61*66*0.9*63.*/mnt/datadisk0/jingzhudata/dms_det/DMS_0614/ID0479/03_dangerous-behavior_drinking_glasses_2.jpg
36*12*3.0*20.*/mnt/datadisk0/jingzhudata/dms_det/DMS_0614/ID0413/02_dangerous-behavior_drinking_glasses_15.jpg
20*8*2.5*12.*/mnt/datadisk0/jingzhudata/dms_det/DMS_0614/ID0413/01_dangerous-behavior_call_noglasses_28.jpg
11*50*0.2*23.*/mnt/datadisk0/jingzhudata/dms_det/DMS_0614/ID0413/03_dangerous-behavior_call_noglasses_43.jpg
13*13*1.0*13.*/mnt/datadisk0/jingzhudata/dms_det/DMS_0614/ID0413/01_dangerous-behavior_call_noglasses_21.jpg
12*15*0.8*13.*/mnt/datadisk0/jingzhudata/dms_det/DMS_0614/ID0413/01_dangerous-behavior_call_noglasses_23.jpg
14*14*1.0*14.*/mnt/datadisk0/jingzhudata/dms_det/DMS_0614/ID0413/01_dangerous-behavior_call_noglasses_7.jpg
19*14*1.3*16.*/mnt/datadisk0/jingzhudata/dms_det/DMS_0614/ID0413/01_dangerous-behavior_drinking_glasses_53.jpg
17*15*1.1*15.*/mnt/datadisk0/jingzhudata/dms_det/DMS_0614/ID0413/01_dangerous-behavior_smoking_glasses_4.jpg
12*13*0.9*12.*/mnt/datadisk0/jingzhudata/dms_det/DMS_0614/ID0413/02_dangerous-behavior_call_noglasses_16.jpg
9*11*0.8*9.9*/mnt/datadisk0/jingzhudata/dms_det/DMS_0614/ID0413/01_dangerous-behavior_call_noglasses_25.jpg
8*13*0.6*10.*/mnt/datadisk0/jingzhudata/dms_det/DMS_0614/ID0413/01_dangerous-behavior_call_noglasses_25.jpg
19*62*0.3*34.*/mnt/datadisk0/jingzhudata/dms_det/DMS_0614/ID0413/03_dangerous-behavior_call_noglasses_47.jpg
16*11*1.4*13.*/mnt/datadisk0/jingzhudata/dms_det/DMS_0614/ID0413/01_dangerous-behavior_drinking_glasses_12.jpg
18*13*1.3*15.*/mnt/datadisk0/jingzhudata/dms_det/DMS_0614/ID0413/01_dangerous-behavior_drinking_glasses_31.jpg
5*40*0.1*14.*/mnt/datadisk0/jingzhudata/dms_det/DMS_0614/ID0413/02_dangerous-behavior_call_glasses_41.jpg
21*12*1.7*15.*/mnt/datadisk0/jingzhudata/dms_det/DMS_0614/ID0413/01_dangerous-behavior_drinking_glasses_43.jpg
19*20*0.9*19.*/mnt/datadisk0/jingzhudata/dms_det/DMS_0614/ID0413/01_dangerous-behavior_drinking_glasses_43.jpg
18*13*1.3*15.*/mnt/datadisk0/jingzhudata/dms_det/DMS_0614/ID0413/01_dangerous-behavior_smoking_noglasses_11.jpg
34*13*2.6*21.*/mnt/datadisk0/jingzhudata/dms_det/DMS_0614/ID0413/02_dangerous-behavior_smoking_noglasses_46.jpg
10*12*0.8*10.*/mnt/datadisk0/jingzhudata/dms_det/DMS_0614/ID0413/01_dangerous-behavior_call_noglasses_24.jpg
10*10*1.0*10.*/mnt/datadisk0/jingzhudata/dms_det/DMS_0614/ID0413/01_dangerous-behavior_call_noglasses_24.jpg
12*41*0.2*22.*/mnt/datadisk0/jingzhudata/dms_det/DMS_0614/ID0413/02_dangerous-behavior_call_noglasses_77.jpg
11*13*0.8*11.*/mnt/datadisk0/jingzhudata/dms_det/DMS_0614/ID0413/01_dangerous-behavior_call_noglasses_8.jpg
11*12*0.9*11.*/mnt/datadisk0/jingzhudata/dms_det/DMS_0614/ID0413/01_dangerous-behavior_call_noglasses_32.jpg
36*38*0.9*36.*/mnt/datadisk0/jingzhudata/dms_det/DMS_0614/ID0413/02_dangerous-behavior_drinking_glasses_9.jpg
20*51*0.3*31.*/mnt/datadisk0/jingzhudata/dms_det/DMS_0614/ID0413/02_dangerous-behavior_drinking_glasses_33.jpg
11*11*1.0*11.*/mnt/datadisk0/jingzhudata/dms_det/DMS_0614/ID0413/02_dangerous-behavior_smoking_glasses_45.jpg
19*12*1.5*15.*/mnt/datadisk0/jingzhudata/dms_det/DMS_0614/ID0413/01_dangerous-behavior_drinking_glasses_38.jpg
18*55*0.3*31.*/mnt/datadisk0/jingzhudata/dms_det/DMS_0614/ID0479/01_dangerous-behavior_call_glasses_18.jpg
14*10*1.4*11.*/mnt/datadisk0/jingzhudata/dms_det/DMS_0614/ID0413/01_dangerous-behavior_drinking_glasses_6.jpg
12*13*0.9*12.*/mnt/datadisk0/jingzhudata/dms_det/DMS_0614/ID0413/01_dangerous-behavior_call_noglasses_36.jpg
14*16*0.8*14.*/mnt/datadisk0/jingzhudata/dms_det/DMS_0614/ID0413/01_dangerous-behavior_call_noglasses_36.jpg
10*8*1.2*8.9*/mnt/datadisk0/jingzhudata/dms_det/DMS_0614/ID0413/01_dangerous-behavior_drinking_glasses_20.jpg
9*8*1.1*8.4*/mnt/datadisk0/jingzhudata/dms_det/DMS_0614/ID0413/01_dangerous-behavior_drinking_glasses_20.jpg
48*68*0.7*57.*/mnt/datadisk0/jingzhudata/dms_det/DMS_0614/ID0413/03_dangerous-behavior_call_glasses_22.jpg
34*18*1.8*24.*/mnt/datadisk0/jingzhudata/dms_det/DMS_0614/ID0413/02_dangerous-behavior_call_glasses_3.jpg
15*12*1.2*13.*/mnt/datadisk0/jingzhudata/dms_det/DMS_0614/ID0413/01_dangerous-behavior_call_noglasses_38.jpg
9*12*0.7*10.*/mnt/datadisk0/jingzhudata/dms_det/DMS_0614/ID0413/01_dangerous-behavior_call_noglasses_38.jpg
12*11*1.0*11.*/mnt/datadisk0/jingzhudata/dms_det/DMS_0614/ID0413/01_dangerous-behavior_call_noglasses_5.jpg
13*10*1.3*11.*/mnt/datadisk0/jingzhudata/dms_det/DMS_0614/ID0413/01_dangerous-behavior_call_noglasses_5.jpg
11*16*0.6*13.*/mnt/datadisk0/jingzhudata/dms_det/DMS_0614/ID0413/01_dangerous-behavior_smoking_glasses_14.jpg
84*98*0.8*90.*/mnt/datadisk0/jingzhudata/dms_det/DMS_0614/ID0479/01_dangerous-behavior_drinking_glasses_2.jpg
51*10*5.1*22.*/mnt/datadisk0/jingzhudata/dms_det/DMS_0614/ID0479/01_dangerous-behavior_smoking_glasses_1.jpg
3*38*0.0*10.*/mnt/datadisk0/jingzhudata/dms_det/DMS_0614/ID0413/02_dangerous-behavior_call_noglasses_56.jpg
12*14*0.8*12.*/mnt/datadisk0/jingzhudata/dms_det/DMS_0614/ID0413/01_dangerous-behavior_call_noglasses_35.jpg
12*82*0.1*31.*/mnt/datadisk0/jingzhudata/dms_det/DMS_0614/ID0424/01_dangerous-behavior_call_noglasses_13.jpg
19*34*0.5*25.*/mnt/datadisk0/jingzhudata/dms_det/DMS_0614/ID0413/03_dangerous-behavior_call_glasses_11.jpg
34*31*1.0*32.*/mnt/datadisk0/jingzhudata/dms_det/DMS_0614/ID0413/02_dangerous-behavior_call_noglasses_23.jpg
11*22*0.5*15.*/mnt/datadisk0/jingzhudata/dms_det/DMS_0614/ID0413/02_dangerous-behavior_call_glasses_25.jpg
16*9*1.7*12.*/mnt/datadisk0/jingzhudata/dms_det/DMS_0614/ID0413/01_dangerous-behavior_smoking_glasses_18.jpg
4*40*0.1*12.*/mnt/datadisk0/jingzhudata/dms_det/DMS_0614/ID0413/02_dangerous-behavior_call_noglasses_69.jpg
8*28*0.2*14.*/mnt/datadisk0/jingzhudata/dms_det/DMS_0614/ID0413/03_dangerous-behavior_call_glasses_15.jpg
36*15*2.4*23.*/mnt/datadisk0/jingzhudata/dms_det/DMS_0614/ID0413/02_dangerous-behavior_smoking_noglasses_91.jpg
8*45*0.1*18.*/mnt/datadisk0/jingzhudata/dms_det/DMS_0614/ID0413/03_dangerous-behavior_call_glasses_39.jpg
7*64*0.1*21.*/mnt/datadisk0/jingzhudata/dms_det/DMS_0614/ID0413/01_dangerous-behavior_call_noglasses_15.jpg
8*32*0.2*16.*/mnt/datadisk0/jingzhudata/dms_det/DMS_0614/ID0413/02_dangerous-behavior_call_noglasses_31.jpg
10*15*0.6*12.*/mnt/datadisk0/jingzhudata/dms_det/DMS_0614/ID0413/02_dangerous-behavior_call_glasses_19.jpg
10*58*0.1*24.*/mnt/datadisk0/jingzhudata/dms_det/DMS_0614/ID0413/03_dangerous-behavior_call_noglasses_45.jpg
16*16*1.0*16.*/mnt/datadisk0/jingzhudata/dms_det/DMS_0614/ID0413/03_dangerous-behavior_call_noglasses_32.jpg
8*43*0.1*18.*/mnt/datadisk0/jingzhudata/dms_det/DMS_0614/ID0413/02_dangerous-behavior_call_noglasses_73.jpg
8*42*0.1*18.*/mnt/datadisk0/jingzhudata/dms_det/DMS_0614/ID0413/02_dangerous-behavior_call_glasses_40.jpg
5*43*0.1*14.*/mnt/datadisk0/jingzhudata/dms_det/DMS_0614/ID0413/02_dangerous-behavior_call_noglasses_71.jpg
7*12*0.5*9.1*/mnt/datadisk0/jingzhudata/dms_det/DMS_0614/ID0479/02_dangerous-behavior_call_noglasses_2.jpg
13*9*1.4*10.*/mnt/datadisk0/jingzhudata/dms_det/DMS_0614/ID0413/01_dangerous-behavior_smoking_glasses_17.jpg
8*55*0.1*20.*/mnt/datadisk0/jingzhudata/dms_det/DMS_0614/ID0413/03_dangerous-behavior_call_noglasses_44.jpg
38*14*2.7*23.*/mnt/datadisk0/jingzhudata/dms_det/DMS_0614/ID0413/02_dangerous-behavior_smoking_noglasses_64.jpg
10*20*0.5*14.*/mnt/datadisk0/jingzhudata/dms_det/DMS_0614/ID0413/02_dangerous-behavior_call_glasses_24.jpg
5*21*0.2*10.*/mnt/datadisk0/jingzhudata/dms_det/DMS_0614/ID0413/02_dangerous-behavior_call_glasses_23.jpg
11*38*0.2*20.*/mnt/datadisk0/jingzhudata/dms_det/DMS_0614/ID0413/02_dangerous-behavior_call_noglasses_30.jpg
7*44*0.1*17.*/mnt/datadisk0/jingzhudata/dms_det/DMS_0614/ID0413/02_dangerous-behavior_call_noglasses_72.jpg
7*14*0.5*9.8*/mnt/datadisk0/jingzhudata/dms_det/DMS_0614/ID0479/02_dangerous-behavior_call_noglasses_3.jpg
4*42*0.0*12.*/mnt/datadisk0/jingzhudata/dms_det/DMS_0614/ID0413/02_dangerous-behavior_call_noglasses_70.jpg
10*38*0.2*19.*/mnt/datadisk0/jingzhudata/dms_det/DMS_0614/ID0413/03_dangerous-behavior_call_glasses_40.jpg
47*23*2.0*32.*/mnt/datadisk0/jingzhudata/dms_det/DMS_0614/ID0413/01_dangerous-behavior_call_glasses_23.jpg
31*12*2.5*19.*/mnt/datadisk0/jingzhudata/dms_det/DMS_0614/ID0424/03_dangerous-behavior_call_noglasses_21.jpg
9*76*0.1*26.*/mnt/datadisk0/jingzhudata/dms_det/DMS_0614/ID0424/01_dangerous-behavior_call_glasses_9.jpg
27*34*0.7*30.*/mnt/datadisk0/jingzhudata/dms_det/DMS_0614/ID0424/02_dangerous-behavior_drinking_glasses_31.jpg
7*66*0.1*21.*/mnt/datadisk0/jingzhudata/dms_det/DMS_0614/ID0424/01_dangerous-behavior_call_noglasses_19.jpg
33*74*0.4*49.*/mnt/datadisk0/jingzhudata/dms_det/DMS_0614/ID0424/02_dangerous-behavior_drinking_glasses_26.jpg
10*6*1.6*7.7*/mnt/datadisk0/jingzhudata/dms_det/DMS_0614/ID0424/02_dangerous-behavior_drinking_glasses_33.jpg
45*30*1.5*36.*/mnt/datadisk0/jingzhudata/dms_det/DMS_0614/ID0467/02_dangerous-behavior_call_noglasses_5.jpg
9*13*0.6*10.*/mnt/datadisk0/jingzhudata/dms_det/DMS_0614/ID0467/02_dangerous-behavior_call_glasses_3.jpg
19*24*0.7*21.*/mnt/datadisk0/jingzhudata/dms_det/DMS_0614/ID0467/03_dangerous-behavior_call_noglasses_5.jpg
40*26*1.5*32.*/mnt/datadisk0/jingzhudata/dms_det/DMS_0614/ID0467/03_dangerous-behavior_drinking_glasses_1.jpg
7*64*0.1*21.*/mnt/datadisk0/jingzhudata/dms_det/DMS_0614/ID0424/01_dangerous-behavior_call_glasses_29.jpg
33*50*0.6*40.*/mnt/datadisk0/jingzhudata/dms_det/DMS_0614/ID0424/02_dangerous-behavior_drinking_glasses_28.jpg
11*68*0.1*27.*/mnt/datadisk0/jingzhudata/dms_det/DMS_0614/ID0424/01_dangerous-behavior_call_glasses_28.jpg
47*26*1.8*34.*/mnt/datadisk0/jingzhudata/dms_det/DMS_0614/ID0424/02_dangerous-behavior_call_noglasses_13.jpg
20*22*0.9*20.*/mnt/datadisk0/jingzhudata/dms_det/DMS_0614/ID0424/02_dangerous-behavior_call_glasses_15.jpg
26*25*1.0*25.*/mnt/datadisk0/jingzhudata/dms_det/DMS_0614/ID0424/02_dangerous-behavior_drinking_glasses_30.jpg
44*13*3.3*23.*/mnt/datadisk0/jingzhudata/dms_det/DMS_0614/ID0424/01_dangerous-behavior_drinking_glasses_40.jpg
10*73*0.1*27.*/mnt/datadisk0/jingzhudata/dms_det/DMS_0614/ID0424/01_dangerous-behavior_call_glasses_10.jpg
20*16*1.2*17.*/mnt/datadisk0/jingzhudata/dms_det/DMS_0614/ID0424/02_dangerous-behavior_drinking_glasses_42.jpg
28*24*1.1*25.*/mnt/datadisk0/jingzhudata/dms_det/DMS_0614/ID0424/02_dangerous-behavior_drinking_glasses_41.jpg
7*67*0.1*21.*/mnt/datadisk0/jingzhudata/dms_det/DMS_0614/ID0424/01_dangerous-behavior_call_noglasses_20.jpg
33*53*0.6*41.*/mnt/datadisk0/jingzhudata/dms_det/DMS_0614/ID0424/02_dangerous-behavior_drinking_glasses_29.jpg
7*41*0.1*16.*/mnt/datadisk0/jingzhudata/dms_det/DMS_0614/ID0424/01_dangerous-behavior_call_noglasses_4.jpg
5*63*0.0*17.*/mnt/datadisk0/jingzhudata/dms_det/DMS_0614/ID0424/01_dangerous-behavior_call_glasses_32.jpg
5*40*0.1*14.*/mnt/datadisk0/jingzhudata/dms_det/DMS_0614/ID0413/02_dangerous-behavior_call_noglasses_68.jpg
20*8*2.5*12.*/mnt/datadisk0/jingzhudata/dms_det/DMS_0614/ID0413/01_dangerous-behavior_call_noglasses_28.jpg
34*13*2.6*21.*/mnt/datadisk0/jingzhudata/dms_det/DMS_0614/ID0413/02_dangerous-behavior_smoking_noglasses_46.jpg
43*14*3.0*24.*/mnt/datadisk0/jingzhudata/dms_det/DMS_0614/ID0413/02_dangerous-behavior_smoking_noglasses_57.jpg
42*15*2.8*25.*/mnt/datadisk0/jingzhudata/dms_det/DMS_0614/ID0413/02_dangerous-behavior_smoking_glasses_19.jpg
3*38*0.0*10.*/mnt/datadisk0/jingzhudata/dms_det/DMS_0614/ID0413/02_dangerous-behavior_call_noglasses_56.jpg
16*61*0.2*31.*/mnt/datadisk0/jingzhudata/dms_det/DMS_0614/ID0413/03_dangerous-behavior_call_noglasses_46.jpg
12*82*0.1*31.*/mnt/datadisk0/jingzhudata/dms_det/DMS_0614/ID0424/01_dangerous-behavior_call_noglasses_13.jpg
14*14*1.0*14.*/mnt/datadisk0/jingzhudata/dms_det/DMS_0614/ID0413/01_dangerous-behavior_smoking_noglasses_4.jpg
11*7*1.5*8.7*/mnt/datadisk0/jingzhudata/dms_det/DMS_0614/ID0413/01_dangerous-behavior_smoking_glasses_10.jpg
18*13*1.3*15.*/mnt/datadisk0/jingzhudata/dms_det/DMS_0614/ID0413/01_dangerous-behavior_drinking_glasses_25.jpg
14*8*1.7*10.*/mnt/datadisk0/jingzhudata/dms_det/DMS_0614/ID0424/03_dangerous-behavior_drinking_glasses_22.jpg
19*34*0.5*25.*/mnt/datadisk0/jingzhudata/dms_det/DMS_0614/ID0413/03_dangerous-behavior_call_glasses_11.jpg
11*15*0.7*12.*/mnt/datadisk0/jingzhudata/dms_det/DMS_0614/ID0413/01_dangerous-behavior_call_glasses_18.jpg
34*31*1.0*32.*/mnt/datadisk0/jingzhudata/dms_det/DMS_0614/ID0413/02_dangerous-behavior_call_noglasses_23.jpg
11*22*0.5*15.*/mnt/datadisk0/jingzhudata/dms_det/DMS_0614/ID0413/02_dangerous-behavior_call_glasses_25.jpg
14*13*1.0*13.*/mnt/datadisk0/jingzhudata/dms_det/DMS_0614/ID0413/01_dangerous-behavior_drinking_glasses_16.jpg
16*18*0.8*16.*/mnt/datadisk0/jingzhudata/dms_det/DMS_0614/ID0413/01_dangerous-behavior_smoking_noglasses_12.jpg
18*14*1.2*15.*/mnt/datadisk0/jingzhudata/dms_det/DMS_0614/ID0413/01_dangerous-behavior_smoking_noglasses_12.jpg
16*9*1.7*12.*/mnt/datadisk0/jingzhudata/dms_det/DMS_0614/ID0413/01_dangerous-behavior_smoking_glasses_18.jpg
4*40*0.1*12.*/mnt/datadisk0/jingzhudata/dms_det/DMS_0614/ID0413/02_dangerous-behavior_call_noglasses_69.jpg
12*13*0.9*12.*/mnt/datadisk0/jingzhudata/dms_det/DMS_0614/ID0413/01_dangerous-behavior_call_noglasses_40.jpg
8*28*0.2*14.*/mnt/datadisk0/jingzhudata/dms_det/DMS_0614/ID0413/03_dangerous-behavior_call_glasses_15.jpg
12*12*1.0*12.*/mnt/datadisk0/jingzhudata/dms_det/DMS_0614/ID0413/01_dangerous-behavior_drinking_glasses_24.jpg
36*15*2.4*23.*/mnt/datadisk0/jingzhudata/dms_det/DMS_0614/ID0413/02_dangerous-behavior_smoking_noglasses_91.jpg
8*45*0.1*18.*/mnt/datadisk0/jingzhudata/dms_det/DMS_0614/ID0413/03_dangerous-behavior_call_glasses_39.jpg
13*13*1.0*13.*/mnt/datadisk0/jingzhudata/dms_det/DMS_0614/ID0413/01_dangerous-behavior_smoking_noglasses_17.jpg
12*12*1.0*12.*/mnt/datadisk0/jingzhudata/dms_det/DMS_0614/ID0413/01_dangerous-behavior_call_noglasses_16.jpg
7*64*0.1*21.*/mnt/datadisk0/jingzhudata/dms_det/DMS_0614/ID0413/01_dangerous-behavior_call_noglasses_15.jpg
9*12*0.7*10.*/mnt/datadisk0/jingzhudata/dms_det/DMS_0614/ID0413/01_dangerous-behavior_call_noglasses_27.jpg
8*32*0.2*16.*/mnt/datadisk0/jingzhudata/dms_det/DMS_0614/ID0413/02_dangerous-behavior_call_noglasses_31.jpg
10*15*0.6*12.*/mnt/datadisk0/jingzhudata/dms_det/DMS_0614/ID0413/02_dangerous-behavior_call_glasses_19.jpg
10*58*0.1*24.*/mnt/datadisk0/jingzhudata/dms_det/DMS_0614/ID0413/03_dangerous-behavior_call_noglasses_45.jpg
16*16*1.0*16.*/mnt/datadisk0/jingzhudata/dms_det/DMS_0614/ID0413/03_dangerous-behavior_call_noglasses_32.jpg
24*14*1.7*18.*/mnt/datadisk0/jingzhudata/dms_det/DMS_0614/ID0413/01_dangerous-behavior_drinking_glasses_44.jpg
8*43*0.1*18.*/mnt/datadisk0/jingzhudata/dms_det/DMS_0614/ID0413/02_dangerous-behavior_call_noglasses_73.jpg
8*42*0.1*18.*/mnt/datadisk0/jingzhudata/dms_det/DMS_0614/ID0413/02_dangerous-behavior_call_glasses_40.jpg
13*20*0.6*16.*/mnt/datadisk0/jingzhudata/dms_det/DMS_0614/ID0413/01_dangerous-behavior_smoking_glasses_13.jpg
5*43*0.1*14.*/mnt/datadisk0/jingzhudata/dms_det/DMS_0614/ID0413/02_dangerous-behavior_call_noglasses_71.jpg
13*15*0.8*13.*/mnt/datadisk0/jingzhudata/dms_det/DMS_0614/ID0413/01_dangerous-behavior_call_glasses_17.jpg
9*7*1.2*7.9*/mnt/datadisk0/jingzhudata/dms_det/DMS_0614/ID0413/01_dangerous-behavior_call_noglasses_20.jpg
7*12*0.5*9.1*/mnt/datadisk0/jingzhudata/dms_det/DMS_0614/ID0479/02_dangerous-behavior_call_noglasses_2.jpg
8*12*0.6*9.7*/mnt/datadisk0/jingzhudata/dms_det/DMS_0614/ID0479/01_dangerous-behavior_smoking_glasses_11.jpg
12*14*0.8*12.*/mnt/datadisk0/jingzhudata/dms_det/DMS_0614/ID0413/01_dangerous-behavior_drinking_glasses_23.jpg
13*9*1.4*10.*/mnt/datadisk0/jingzhudata/dms_det/DMS_0614/ID0413/01_dangerous-behavior_smoking_glasses_17.jpg
14*11*1.2*12.*/mnt/datadisk0/jingzhudata/dms_det/DMS_0614/ID0413/01_dangerous-behavior_call_glasses_29.jpg
16*15*1.0*15.*/mnt/datadisk0/jingzhudata/dms_det/DMS_0614/ID0413/01_dangerous-behavior_smoking_glasses_2.jpg
8*55*0.1*20.*/mnt/datadisk0/jingzhudata/dms_det/DMS_0614/ID0413/03_dangerous-behavior_call_noglasses_44.jpg
10*8*1.2*8.9*/mnt/datadisk0/jingzhudata/dms_det/DMS_0614/ID0413/01_dangerous-behavior_call_noglasses_13.jpg
12*8*1.5*9.7*/mnt/datadisk0/jingzhudata/dms_det/DMS_0614/ID0413/01_dangerous-behavior_drinking_glasses_8.jpg
10*11*0.9*10.*/mnt/datadisk0/jingzhudata/dms_det/DMS_0614/ID0413/01_dangerous-behavior_drinking_glasses_15.jpg
10*8*1.2*8.9*/mnt/datadisk0/jingzhudata/dms_det/DMS_0614/ID0413/01_dangerous-behavior_drinking_glasses_29.jpg
38*14*2.7*23.*/mnt/datadisk0/jingzhudata/dms_det/DMS_0614/ID0413/02_dangerous-behavior_smoking_noglasses_64.jpg
10*20*0.5*14.*/mnt/datadisk0/jingzhudata/dms_det/DMS_0614/ID0413/02_dangerous-behavior_call_glasses_24.jpg
19*14*1.3*16.*/mnt/datadisk0/jingzhudata/dms_det/DMS_0614/ID0413/01_dangerous-behavior_smoking_glasses_3.jpg
19*24*0.7*21.*/mnt/datadisk0/jingzhudata/dms_det/DMS_0614/ID0413/01_dangerous-behavior_smoking_noglasses_1.jpg
14*12*1.1*12.*/mnt/datadisk0/jingzhudata/dms_det/DMS_0614/ID0413/01_dangerous-behavior_smoking_noglasses_22.jpg
5*21*0.2*10.*/mnt/datadisk0/jingzhudata/dms_det/DMS_0614/ID0413/02_dangerous-behavior_call_glasses_23.jpg
17*20*0.8*18.*/mnt/datadisk0/jingzhudata/dms_det/DMS_0614/ID0413/01_dangerous-behavior_smoking_glasses_12.jpg
10*9*1.1*9.4*/mnt/datadisk0/jingzhudata/dms_det/DMS_0614/ID0413/01_dangerous-behavior_call_glasses_5.jpg
11*11*1.0*11.*/mnt/datadisk0/jingzhudata/dms_det/DMS_0614/ID0413/01_dangerous-behavior_call_noglasses_12.jpg
20*14*1.4*16.*/mnt/datadisk0/jingzhudata/dms_det/DMS_0614/ID0413/01_dangerous-behavior_smoking_noglasses_5.jpg
15*8*1.8*10.*/mnt/datadisk0/jingzhudata/dms_det/DMS_0614/ID0413/01_dangerous-behavior_smoking_noglasses_10.jpg
11*38*0.2*20.*/mnt/datadisk0/jingzhudata/dms_det/DMS_0614/ID0413/02_dangerous-behavior_call_noglasses_30.jpg
10*9*1.1*9.4*/mnt/datadisk0/jingzhudata/dms_det/DMS_0614/ID0413/01_dangerous-behavior_drinking_glasses_40.jpg
7*44*0.1*17.*/mnt/datadisk0/jingzhudata/dms_det/DMS_0614/ID0413/02_dangerous-behavior_call_noglasses_72.jpg
12*12*1.0*12.*/mnt/datadisk0/jingzhudata/dms_det/DMS_0614/ID0413/01_dangerous-behavior_drinking_glasses_22.jpg
7*14*0.5*9.8*/mnt/datadisk0/jingzhudata/dms_det/DMS_0614/ID0479/02_dangerous-behavior_call_noglasses_3.jpg
4*42*0.0*12.*/mnt/datadisk0/jingzhudata/dms_det/DMS_0614/ID0413/02_dangerous-behavior_call_noglasses_70.jpg
19*13*1.4*15.*/mnt/datadisk0/jingzhudata/dms_det/DMS_0614/ID0413/01_dangerous-behavior_drinking_glasses_45.jpg
21*18*1.1*19.*/mnt/datadisk0/jingzhudata/dms_det/DMS_0614/ID0413/01_dangerous-behavior_smoking_glasses_11.jpg
11*8*1.3*9.3*/mnt/datadisk0/jingzhudata/dms_det/DMS_0614/ID0413/01_dangerous-behavior_smoking_glasses_11.jpg
7*14*0.5*9.8*/mnt/datadisk0/jingzhudata/dms_det/DMS_0614/ID0413/01_dangerous-behavior_smoking_glasses_7.jpg
10*38*0.2*19.*/mnt/datadisk0/jingzhudata/dms_det/DMS_0614/ID0413/03_dangerous-behavior_call_glasses_40.jpg
20*12*1.6*15.*/mnt/datadisk0/jingzhudata/dms_det/DMS_0614/ID0413/01_dangerous-behavior_call_glasses_8.jpg
24*12*2.0*16.*/mnt/datadisk0/jingzhudata/dms_det/DMS_0614/ID0413/01_dangerous-behavior_call_glasses_7.jpg
8*16*0.5*11.*/mnt/datadisk0/jingzhudata/dms_det/DMS_0614/ID0413/01_dangerous-behavior_call_glasses_19.jpg
10*8*1.2*8.9*/mnt/datadisk0/jingzhudata/dms_det/DMS_0614/ID0413/01_dangerous-behavior_drinking_glasses_19.jpg
10*10*1.0*10.*/mnt/datadisk0/jingzhudata/dms_det/DMS_0614/ID0413/01_dangerous-behavior_drinking_glasses_19.jpg
47*23*2.0*32.*/mnt/datadisk0/jingzhudata/dms_det/DMS_0614/ID0413/01_dangerous-behavior_call_glasses_23.jpg
16*9*1.7*12.*/mnt/datadisk0/jingzhudata/dms_det/DMS_0614/ID0424/03_dangerous-behavior_call_noglasses_31.jpg
14*8*1.7*10.*/mnt/datadisk0/jingzhudata/dms_det/DMS_0614/ID0424/03_dangerous-behavior_smoking_noglasses_24.jpg
31*12*2.5*19.*/mnt/datadisk0/jingzhudata/dms_det/DMS_0614/ID0424/03_dangerous-behavior_call_noglasses_21.jpg
14*10*1.4*11.*/mnt/datadisk0/jingzhudata/dms_det/DMS_0614/ID0424/03_dangerous-behavior_call_noglasses_19.jpg
16*9*1.7*12.*/mnt/datadisk0/jingzhudata/dms_det/DMS_0614/ID0424/03_dangerous-behavior_smoking_noglasses_12.jpg
14*8*1.7*10.*/mnt/datadisk0/jingzhudata/dms_det/DMS_0614/ID0424/03_dangerous-behavior_smoking_noglasses_21.jpg
18*12*1.5*14.*/mnt/datadisk0/jingzhudata/dms_det/DMS_0614/ID0424/03_dangerous-behavior_call_glasses_34.jpg
14*8*1.7*10.*/mnt/datadisk0/jingzhudata/dms_det/DMS_0614/ID0424/03_dangerous-behavior_smoking_noglasses_7.jpg
15*8*1.8*10.*/mnt/datadisk0/jingzhudata/dms_det/DMS_0614/ID0424/03_dangerous-behavior_drinking_glasses_55.jpg
15*9*1.6*11.*/mnt/datadisk0/jingzhudata/dms_det/DMS_0614/ID0424/03_dangerous-behavior_call_noglasses_3.jpg
14*8*1.7*10.*/mnt/datadisk0/jingzhudata/dms_det/DMS_0614/ID0424/03_dangerous-behavior_smoking_glasses_16.jpg
15*8*1.8*10.*/mnt/datadisk0/jingzhudata/dms_det/DMS_0614/ID0424/03_dangerous-behavior_drinking_glasses_17.jpg
9*76*0.1*26.*/mnt/datadisk0/jingzhudata/dms_det/DMS_0614/ID0424/01_dangerous-behavior_call_glasses_9.jpg
14*8*1.7*10.*/mnt/datadisk0/jingzhudata/dms_det/DMS_0614/ID0424/03_dangerous-behavior_drinking_glasses_18.jpg
27*34*0.7*30.*/mnt/datadisk0/jingzhudata/dms_det/DMS_0614/ID0424/02_dangerous-behavior_drinking_glasses_31.jpg
7*66*0.1*21.*/mnt/datadisk0/jingzhudata/dms_det/DMS_0614/ID0424/01_dangerous-behavior_call_noglasses_19.jpg
8*7*1.1*7.4*/mnt/datadisk0/jingzhudata/dms_det/DMS_0614/ID0424/02_dangerous-behavior_smoking_glasses_5.jpg
16*9*1.7*12.*/mnt/datadisk0/jingzhudata/dms_det/DMS_0614/ID0424/03_dangerous-behavior_drinking_glasses_48.jpg
33*74*0.4*49.*/mnt/datadisk0/jingzhudata/dms_det/DMS_0614/ID0424/02_dangerous-behavior_drinking_glasses_26.jpg
10*6*1.6*7.7*/mnt/datadisk0/jingzhudata/dms_det/DMS_0614/ID0424/02_dangerous-behavior_drinking_glasses_33.jpg
45*30*1.5*36.*/mnt/datadisk0/jingzhudata/dms_det/DMS_0614/ID0467/02_dangerous-behavior_call_noglasses_5.jpg
20*17*1.1*18.*/mnt/datadisk0/jingzhudata/dms_det/DMS_0614/ID0467/01_dangerous-behavior_drinking_glasses_26.jpg
9*13*0.6*10.*/mnt/datadisk0/jingzhudata/dms_det/DMS_0614/ID0467/02_dangerous-behavior_call_glasses_3.jpg
16*13*1.2*14.*/mnt/datadisk0/jingzhudata/dms_det/DMS_0614/ID0467/01_dangerous-behavior_drinking_glasses_22.jpg
19*24*0.7*21.*/mnt/datadisk0/jingzhudata/dms_det/DMS_0614/ID0467/03_dangerous-behavior_call_noglasses_5.jpg
40*26*1.5*32.*/mnt/datadisk0/jingzhudata/dms_det/DMS_0614/ID0467/03_dangerous-behavior_drinking_glasses_1.jpg
14*9*1.5*11.*/mnt/datadisk0/jingzhudata/dms_det/DMS_0614/ID0424/03_dangerous-behavior_call_noglasses_23.jpg
14*7*2.0*9.8*/mnt/datadisk0/jingzhudata/dms_det/DMS_0614/ID0424/02_dangerous-behavior_drinking_glasses_3.jpg
16*8*2.0*11.*/mnt/datadisk0/jingzhudata/dms_det/DMS_0614/ID0424/03_dangerous-behavior_drinking_glasses_20.jpg
14*10*1.4*11.*/mnt/datadisk0/jingzhudata/dms_det/DMS_0614/ID0424/03_dangerous-behavior_call_noglasses_28.jpg
7*64*0.1*21.*/mnt/datadisk0/jingzhudata/dms_det/DMS_0614/ID0424/01_dangerous-behavior_call_glasses_29.jpg
11*7*1.5*8.7*/mnt/datadisk0/jingzhudata/dms_det/DMS_0614/ID0424/02_dangerous-behavior_call_glasses_8.jpg
17*8*2.1*11.*/mnt/datadisk0/jingzhudata/dms_det/DMS_0614/ID0424/03_dangerous-behavior_drinking_glasses_49.jpg
33*50*0.6*40.*/mnt/datadisk0/jingzhudata/dms_det/DMS_0614/ID0424/02_dangerous-behavior_drinking_glasses_28.jpg
15*9*1.6*11.*/mnt/datadisk0/jingzhudata/dms_det/DMS_0614/ID0424/03_dangerous-behavior_call_noglasses_8.jpg
13*9*1.4*10.*/mnt/datadisk0/jingzhudata/dms_det/DMS_0614/ID0424/03_dangerous-behavior_call_noglasses_27.jpg
15*8*1.8*10.*/mnt/datadisk0/jingzhudata/dms_det/DMS_0614/ID0424/03_dangerous-behavior_drinking_glasses_6.jpg
13*7*1.8*9.5*/mnt/datadisk0/jingzhudata/dms_det/DMS_0614/ID0424/02_dangerous-behavior_drinking_glasses_2.jpg
14*9*1.5*11.*/mnt/datadisk0/jingzhudata/dms_det/DMS_0614/ID0424/03_dangerous-behavior_drinking_glasses_21.jpg
11*68*0.1*27.*/mnt/datadisk0/jingzhudata/dms_det/DMS_0614/ID0424/01_dangerous-behavior_call_glasses_28.jpg
47*26*1.8*34.*/mnt/datadisk0/jingzhudata/dms_det/DMS_0614/ID0424/02_dangerous-behavior_call_noglasses_13.jpg
20*22*0.9*20.*/mnt/datadisk0/jingzhudata/dms_det/DMS_0614/ID0424/02_dangerous-behavior_call_glasses_15.jpg
15*8*1.8*10.*/mnt/datadisk0/jingzhudata/dms_det/DMS_0614/ID0424/03_dangerous-behavior_drinking_glasses_9.jpg
14*8*1.7*10.*/mnt/datadisk0/jingzhudata/dms_det/DMS_0614/ID0424/03_dangerous-behavior_drinking_glasses_54.jpg
17*9*1.8*12.*/mnt/datadisk0/jingzhudata/dms_det/DMS_0614/ID0424/03_dangerous-behavior_smoking_noglasses_13.jpg
19*10*1.9*13.*/mnt/datadisk0/jingzhudata/dms_det/DMS_0614/ID0424/03_dangerous-behavior_smoking_glasses_10.jpg
18*8*2.2*12.*/mnt/datadisk0/jingzhudata/dms_det/DMS_0614/ID0424/03_dangerous-behavior_smoking_noglasses_6.jpg
15*9*1.6*11.*/mnt/datadisk0/jingzhudata/dms_det/DMS_0614/ID0424/03_dangerous-behavior_drinking_glasses_7.jpg
26*25*1.0*25.*/mnt/datadisk0/jingzhudata/dms_det/DMS_0614/ID0424/02_dangerous-behavior_drinking_glasses_30.jpg
14*8*1.7*10.*/mnt/datadisk0/jingzhudata/dms_det/DMS_0614/ID0424/03_dangerous-behavior_smoking_glasses_19.jpg
13*8*1.6*10.*/mnt/datadisk0/jingzhudata/dms_det/DMS_0614/ID0424/03_dangerous-behavior_smoking_glasses_17.jpg
18*11*1.6*14.*/mnt/datadisk0/jingzhudata/dms_det/DMS_0614/ID0424/03_dangerous-behavior_call_glasses_9.jpg
14*10*1.4*11.*/mnt/datadisk0/jingzhudata/dms_det/DMS_0614/ID0424/03_dangerous-behavior_call_noglasses_24.jpg
16*8*2.0*11.*/mnt/datadisk0/jingzhudata/dms_det/DMS_0614/ID0424/03_dangerous-behavior_smoking_noglasses_22.jpg
16*10*1.6*12.*/mnt/datadisk0/jingzhudata/dms_det/DMS_0614/ID0424/03_dangerous-behavior_call_noglasses_9.jpg
44*13*3.3*23.*/mnt/datadisk0/jingzhudata/dms_det/DMS_0614/ID0424/01_dangerous-behavior_drinking_glasses_40.jpg
17*8*2.1*11.*/mnt/datadisk0/jingzhudata/dms_det/DMS_0614/ID0424/03_dangerous-behavior_drinking_glasses_47.jpg
10*73*0.1*27.*/mnt/datadisk0/jingzhudata/dms_det/DMS_0614/ID0424/01_dangerous-behavior_call_glasses_10.jpg
20*16*1.2*17.*/mnt/datadisk0/jingzhudata/dms_det/DMS_0614/ID0424/02_dangerous-behavior_drinking_glasses_42.jpg
14*8*1.7*10.*/mnt/datadisk0/jingzhudata/dms_det/DMS_0614/ID0424/03_dangerous-behavior_smoking_noglasses_8.jpg
15*7*2.1*10.*/mnt/datadisk0/jingzhudata/dms_det/DMS_0614/ID0424/03_dangerous-behavior_smoking_glasses_27.jpg
28*24*1.1*25.*/mnt/datadisk0/jingzhudata/dms_det/DMS_0614/ID0424/02_dangerous-behavior_drinking_glasses_41.jpg
7*11*0.6*8.7*/mnt/datadisk0/jingzhudata/dms_det/DMS_0614/ID0424/01_dangerous-behavior_smoking_glasses_24.jpg
10*9*1.1*9.4*/mnt/datadisk0/jingzhudata/dms_det/DMS_0614/ID0424/02_dangerous-behavior_call_glasses_14.jpg
18*12*1.5*14.*/mnt/datadisk0/jingzhudata/dms_det/DMS_0614/ID0424/03_dangerous-behavior_smoking_glasses_6.jpg
14*15*0.9*14.*/mnt/datadisk0/jingzhudata/dms_det/DMS_0614/ID0424/03_dangerous-behavior_call_noglasses_1.jpg
7*67*0.1*21.*/mnt/datadisk0/jingzhudata/dms_det/DMS_0614/ID0424/01_dangerous-behavior_call_noglasses_20.jpg
33*53*0.6*41.*/mnt/datadisk0/jingzhudata/dms_det/DMS_0614/ID0424/02_dangerous-behavior_drinking_glasses_29.jpg
15*10*1.5*12.*/mnt/datadisk0/jingzhudata/dms_det/DMS_0614/ID0424/03_dangerous-behavior_drinking_glasses_14.jpg
14*9*1.5*11.*/mnt/datadisk0/jingzhudata/dms_det/DMS_0614/ID0424/03_dangerous-behavior_drinking_glasses_24.jpg
10*8*1.2*8.9*/mnt/datadisk0/jingzhudata/dms_det/DMS_0614/ID0424/02_dangerous-behavior_call_glasses_6.jpg
7*41*0.1*16.*/mnt/datadisk0/jingzhudata/dms_det/DMS_0614/ID0424/01_dangerous-behavior_call_noglasses_4.jpg
16*8*2.0*11.*/mnt/datadisk0/jingzhudata/dms_det/DMS_0614/ID0424/03_dangerous-behavior_drinking_glasses_8.jpg
5*63*0.0*17.*/mnt/datadisk0/jingzhudata/dms_det/DMS_0614/ID0424/01_dangerous-behavior_call_glasses_32.jpg
12*8*1.5*9.7*/mnt/datadisk0/jingzhudata/dms_det/DMS_0614/ID0424/02_dangerous-behavior_drinking_glasses_1.jpg
15*14*1.0*14.*/mnt/datadisk0/jingzhudata/dms_det/DMS_0614/ID0413/01_dangerous-behavior_smoking_glasses_1.jpg
5*40*0.1*14.*/mnt/datadisk0/jingzhudata/dms_det/DMS_0614/ID0413/02_dangerous-behavior_call_noglasses_68.jpg
10*14*0.7*11.*/mnt/datadisk0/jingzhudata/dms_det/DMS_0614/ID0413/01_dangerous-behavior_call_noglasses_2.jpg
11*7*1.5*8.7*/mnt/datadisk0/jingzhudata/dms_det/DMS_0614/ID0413/01_dangerous-behavior_call_glasses_14.jpg
8*8*1.0*8.0*/mnt/datadisk0/jingzhudata/dms_det/DMS_0614/ID0413/01_dangerous-behavior_call_noglasses_17.jpg
12*20*0.6*15.*/mnt/datadisk0/jingzhudata/dms_det/DMS_0614/ID0413/01_dangerous-behavior_smoking_glasses_22.jpg
20*8*2.5*12.*/mnt/datadisk0/jingzhudata/dms_det/DMS_0614/ID0413/01_dangerous-behavior_call_noglasses_28.jpg
14*14*1.0*14.*/mnt/datadisk0/jingzhudata/dms_det/DMS_0614/ID0413/01_dangerous-behavior_call_noglasses_7.jpg
16*13*1.2*14.*/mnt/datadisk0/jingzhudata/dms_det/DMS_0614/ID0413/01_dangerous-behavior_call_glasses_16.jpg
8*13*0.6*10.*/mnt/datadisk0/jingzhudata/dms_det/DMS_0614/ID0413/01_dangerous-behavior_call_noglasses_25.jpg
21*12*1.7*15.*/mnt/datadisk0/jingzhudata/dms_det/DMS_0614/ID0413/01_dangerous-behavior_drinking_glasses_43.jpg
16*20*0.8*17.*/mnt/datadisk0/jingzhudata/dms_det/DMS_0614/ID0413/01_dangerous-behavior_smoking_noglasses_11.jpg
34*13*2.6*21.*/mnt/datadisk0/jingzhudata/dms_det/DMS_0614/ID0413/02_dangerous-behavior_smoking_noglasses_46.jpg
43*14*3.0*24.*/mnt/datadisk0/jingzhudata/dms_det/DMS_0614/ID0413/02_dangerous-behavior_smoking_noglasses_57.jpg
12*8*1.5*9.7*/mnt/datadisk0/jingzhudata/dms_det/DMS_0614/ID0413/01_dangerous-behavior_drinking_glasses_26.jpg
10*12*0.8*10.*/mnt/datadisk0/jingzhudata/dms_det/DMS_0614/ID0413/01_dangerous-behavior_call_noglasses_24.jpg
11*13*0.8*11.*/mnt/datadisk0/jingzhudata/dms_det/DMS_0614/ID0413/01_dangerous-behavior_call_noglasses_8.jpg
9*10*0.9*9.4*/mnt/datadisk0/jingzhudata/dms_det/DMS_0614/ID0413/01_dangerous-behavior_call_noglasses_8.jpg
42*15*2.8*25.*/mnt/datadisk0/jingzhudata/dms_det/DMS_0614/ID0413/02_dangerous-behavior_smoking_glasses_19.jpg
14*16*0.8*14.*/mnt/datadisk0/jingzhudata/dms_det/DMS_0614/ID0413/01_dangerous-behavior_call_noglasses_36.jpg
10*8*1.2*8.9*/mnt/datadisk0/jingzhudata/dms_det/DMS_0614/ID0413/01_dangerous-behavior_drinking_glasses_20.jpg
9*8*1.1*8.4*/mnt/datadisk0/jingzhudata/dms_det/DMS_0614/ID0413/01_dangerous-behavior_drinking_glasses_20.jpg
12*11*1.0*11.*/mnt/datadisk0/jingzhudata/dms_det/DMS_0614/ID0413/01_dangerous-behavior_call_noglasses_5.jpg
3*38*0.0*10.*/mnt/datadisk0/jingzhudata/dms_det/DMS_0614/ID0413/02_dangerous-behavior_call_noglasses_56.jpg
16*61*0.2*31.*/mnt/datadisk0/jingzhudata/dms_det/DMS_0614/ID0413/03_dangerous-behavior_call_noglasses_46.jpg
16*11*1.4*13.*/mnt/datadisk0/jingzhudata/dms_det/DMS_0614/ID0424/03_dangerous-behavior_smoking_glasses_8.jpg
